<?xml version="1.0" encoding="UTF-8"?>
<testsuite xmlns:xsi="http://www.w3.org/2001/XMLSchema-instance" xsi:noNamespaceSchemaLocation="https://maven.apache.org/surefire/maven-surefire-plugin/xsd/surefire-test-report-3.0.xsd" version="3.0" name="suai.vladislav.koreanhack.KoreanHackApplicationTests" time="2.428" tests="1" errors="0" skipped="0" failures="0">
  <properties>
[...]
</properties>
  <testcase name="contextLoads" classname="suai.vladislav.koreanhack.KoreanHackApplicationTests" time="0.679">
    <system-out><![CDATA[22:19:25.318 [main] INFO org.springframework.test.context.support.AnnotationConfigContextLoaderUtils -- Could not detect default configuration classes for test class [suai.vladislav.koreanhack.KoreanHackApplicationTests]: KoreanHackApplicationTests does not declare any static, non-private, non-final, nested classes annotated with @Configuration.
22:19:25.414 [main] INFO org.springframework.boot.test.context.SpringBootTestContextBootstrapper -- Found @SpringBootConfiguration suai.vladislav.koreanhack.KoreanHackApplication for test class suai.vladislav.koreanhack.KoreanHackApplicationTests

  .   ____          _            __ _ _
 /\\ / ___'_ __ _ _(_)_ __  __ _ \ \ \ \
( ( )\___ | '_ | '_| | '_ \/ _` | \ \ \ \
 \\/  ___)| |_)| | | | | || (_| |  ) ) ) )
  '  |____| .__|_| |_|_| |_\__, | / / / /
 =========|_|==============|___/=/_/_/_/

 :: Spring Boot ::                (v3.3.2)

2024-08-01T22:19:25.787+03:00  INFO 1020 --- [KoreanHack] [           main] s.v.k.KoreanHackApplicationTests         : Starting KoreanHackApplicationTests using Java 18.0.1.1 with PID 1020 (started by vlads in D:\Code\KoreanHack)
2024-08-01T22:19:25.788+03:00  INFO 1020 --- [KoreanHack] [           main] s.v.k.KoreanHackApplicationTests         : No active profile set, falling back to 1 default profile: "default"
2024-08-01T22:19:26.892+03:00  INFO 1020 --- [KoreanHack] [           main] s.v.k.KoreanHackApplicationTests         : Started KoreanHackApplicationTests in 1.349 seconds (process running for 2.372)
]]></system-out>
  </testcase>
</testsuite>